============================= test session starts =============================
platform win32 -- Python 3.14.6, pytest-9.0.3, pluggy-1.6.0
benchmark: 5.2.3 (defaults: timer=time.perf_counter disable_gc=False min_rounds=5 min_time=0.000005 max_time=1.0 calibration_precision=10 warmup=False warmup_iterations=100000)
rootdir: D:\1406\1406
configfile: pyproject.toml
testpaths: tests
plugins: hypothesis-6.153.0, benchmark-5.2.3, cov-7.1.0, xdist-3.8.0
collected 1916 items / 15 errors

<Dir 1406>
  <Dir tests>
    <Dir core>
      <Module test_certus_array_utils.py>
        <Function test_as_float64_1d>
        <Function test_sorted_float64>
        <Function test_interp_sorted>
      <Module test_certus_design_core.py>
        <Function test_design_objective_wrapper_common_wrong_len>
        <Function test_design_objective_wrapper_common_min_thick_violation>
        <Function test_design_objective_wrapper_common_oblique_dispatch>
        <Function test_design_gradient_func_pglobal_common_wrong_len>
        <Function test_design_gradient_func_pglobal_common_min_thick_violation>
        <Function test_design_gradient_func_pglobal_common_oblique_dispatch>
        <Function test_design_compute_oblique_error_common_no_weight>
        <Function test_design_optimization_callback_common_stop_event>
        <Function test_design_optimization_callback_common_first_improvement>
        <Function test_design_optimization_callback_common_oblique_mode>
      <Module test_certus_physics_basic.py>
        <Function test_sellmeier_n_array>
        <Function test_cauchy_models>
        <Function test_tlu_epsilon>
      <Module test_certus_physics_pglobal.py>
        <Function test_make_cost_function_creates_callable>
        <Function test_make_cost_function_with_backside>
      <Module test_certus_physics_pglobal_opt.py>
        <Function test_pglobal_optimizer_init>
      <Module test_certus_physics_tmm.py>
        <Function test_calculate_bare_substrate_RT>
        <Function test_calculate_single_interface_R>
        <Function test_compute_complex_phase_components>
      <Module test_certus_physics_tmm_spectrum.py>
        <Function test_calc_spectrum_front>
        <Function test_calc_spectrum_full>
      <Module test_certus_zerodiv_physics.py>
        <Function test_calculate_transmission_single_zero_div_protection>
    <Dir headless>
      <Module test_design.py>
        <Function test_design_headless>
      <Module test_field.py>
        <Function test_field_headless>
      <Module test_metal_bilayer.py>
        <Function test_metal_bilayer_headless>
      <Module test_metal_single.py>
        <Function test_metal_single_headless>
      <Module test_spline.py>
        <Function test_spline_headless>
    <Dir integration>
      <Module test_complete_validation.py>
        <Function test_json_parsing>
        <Function test_csv_parsing>
        <Function test_module_imports>
        <Function test_run_all_verifications_script_interface>
      <Module test_example_pipelines.py>
        <Function test_design_json_loads_and_has_required_keys[JSON-design-example]>
        <Function test_design_json_loads_and_has_required_keys[JSON-design-optimized]>
        <Function test_design_json_loads_and_has_required_keys[JSON-design-oblique-example]>
        <Function test_design_json_loads_and_has_required_keys[JSON-design-seed-A]>
        <Function test_design_json_loads_and_has_required_keys[JSON-design-seed-B]>
        <Function test_design_json_loads_and_has_required_keys[JSON-design-target-achieved]>
        <Function test_design_json_loads_and_has_required_keys[JSON-design-ultra-optimized]>
        <Function test_design_example_has_targets_and_layers>
        <Function test_design_optimized_spectrum_is_physical>
        <Function test_strat_json_loads_and_has_wavelength_range[JSON-strat-example]>
        <Function test_strat_json_loads_and_has_wavelength_range[JSON-strat-sand38]>
        <Function test_strat_json_loads_and_has_wavelength_range[JSON-strat-sand8]>
        <Function test_strat_example_has_stack_definition>
        <Function test_metal_single_json_has_physical_params>
        <Function test_metal_bilayer_csv_loads_spectral_data>
        <Function test_re_xlsx_loads_spectral_data>
        <Function test_index_csv_loads_and_has_transmission>
        <Function test_index_golden_reference_exists>
        <Function test_index_spline_xlsx_loads_transmission>
        <Function test_index_spline_total_optimization_converges>
        <Function test_database_index_files_exist>
        <Function test_sapphire_index_txt_is_parseable>
      <Module test_integration.py>
        <Class TestCoreIntegration>
          <Function test_core_modules_interaction>
          <Function test_logging_integration>
          <Function test_theme_integration>
          <Function test_resource_management>
        <Class TestPhysicsIntegration>
          <Function test_physics_workflow>
          <Function test_layer_target_interaction>
          <Function test_validation_integration>
        <Class TestModuleInteraction>
          <Function test_module_availability>
          <Function test_configuration_persistence>
          <Function test_error_propagation>
        <Class TestWorkflowIntegration>
          <Function test_optical_design_workflow>
          <Function test_validation_workflow>
          <Function test_configuration_workflow>
        <Class TestPerformanceIntegration>
          <Function test_calculationation_performance>
          <Function test_memory_usage>
        <Class TestEndToEndIntegration>
          <Function test_complete_optical_simulation>
          <Function test_error_handling_workflow>
      <Module test_p345_integration.py>
        <Function test_p3_certus_base_app_exposes_report_helpers>
        <Function test_p3_build_report_sections_default_is_empty_list>
        <Function test_p3_command_catalog_exposes_premium_excel_command>
        <Function test_p3_export_premium_excel_produces_xlsx>
        <Function test_p4_contrast_ratio_extremes>
        <Function test_p4_short_hex_color_is_accepted>
        <Function test_p4_passes_wcag_aa_thresholds>
        <Function test_p4_audit_palette_reports_worst_pair>
        <Function test_p4_apply_accessibility_defaults_names_widgets_without_name>
        <Function test_p4_compute_tab_order_pairs_sequentially>
        <Function test_p5_certus_base_app_exposes_confirm_destructive>
        <Function test_p5_confirm_destructive_returns_false_on_parent_none>
      <Module test_profile_corridors_d.py>
        <Function test_corridor_payload_contract_roundtrip>
        <Function test_corridor_payload_contract_legacy_keys_are_supported>
        <Function test_corridor_payload_contract_trims_mismatched_series>
      <Module test_reference_replays.py>
        <Function test_reference_replay_single_layer_index_scenario_v1>
      <Module test_smoke_certus_index_spline.py>
        <Function test_import_spline_module_chain>
        <Function test_import_certus_index_spline_app>
        <Function test_live_index_monitor_ui>
      <Module test_sol2_factuel_rmse.py>
        <Function test_rmse_keep_worker_mesh_matches_sol2_first_cost_ir_extended>
        <Function test_decompose_tot_matches_objective_call[pwl]>
        <Function test_decompose_tot_matches_objective_call[smooth]>
        <Function test_smooth_profile_can_raise_rmse_vs_pwl_same_nodes>
      <Module test_strat_robustness.py>
        <Class TestNoiseDistribution>
          <Function test_uniform_vs_gaussian_p95>
        <Class TestBacksideConservation>
          <Function test_energy_conservation_single_layer>
          <Function test_energy_conservation_multilayer>
        <Class TestNonMonotonicMode>
          <Function test_attenuate_mode>
          <Function test_reject_mode_penalty>
        <Class TestValidateWavelengthsBatch>
          <Function test_batch_validation_modes>
      <Module test_substrate_sapphire_model_choice.py>
        <Function test_sapphire_sellmeier_remains_competitive_against_polynomial>
      <Module test_tsio2_1700_spline.py>
        <Function test_tsio2_1700_lambda_window_and_mesh>
        <Function test_tsio2_1700_material_preset_is_sio2>
        <Function test_tsio2_1700_headless_best_rmse_order_2e_minus_3>
    <Dir performance>
      <Module test_architecture_guard.py>
        <Function test_no_toplevel_import_of_physics_impl_in_monoliths>
        <Function test_no_new_toplevel_import_of_physics_impl>
        <Function test_no_processpoolexecutor_in_strat>
        <Function test_no_sequential_pglobal>
        <Function test_numba_nogil_enabled>
      <Module test_kernel_benchmarks.py>
        <Function test_bench_calculate_t_substrate_array>
        <Function test_bench_calculate_reflection_array>
        <Function test_bench_calculate_transmission_array>
        <Function test_bench_calculate_rt_single_layer_single>
        <Function test_bench_calculate_rt_no_backside>
      <Module test_kernel_benchmarks_minimal.py>
        <Function test_bench_calculate_RT_batch_kernel>
        <Function test_bench_calculate_RT_vectorized_real_HL>
        <Function test_bench_precompute_matrix_cache_kernel>
        <Function test_bench_compute_dynamics_kernel>
        <Function test_bench_simulate_growth_kernel>
        <Function test_bench_strategy_robustness_minicall>
      <Module test_performance.py>
        <Class TestCalculationPerformance>
          <Function test_single_layer_performance>
          <Function test_multilayer_performance>
          <Function test_scalability_performance[10]>
          <Function test_scalability_performance[25]>
          <Function test_scalability_performance[50]>
          <Function test_scalability_performance[100]>
          <Function test_wavelength_array_size_performance>
        <Class TestMemoryPerformance>
          <Function test_memory_usage_single_calculationation>
          <Function test_memory_usage_multiple_calculationations>
          <Function test_memory_leak_detection>
        <Class TestDataTypePerformance>
          <Function test_float32_vs_float64_performance>
          <Function test_complex64_vs_complex128_performance>
        <Class TestParallelPerformance>
          <Function test_worker_count_optimization>
          <Function test_concurrent_calculationations>
        <Class TestBenchmarks>
          <Function test_benchmark_tmm_calculationation>
          <Function test_benchmark_layer_creation>
          <Function test_benchmark_array_operations>
        <Class TestPerformanceRegression>
          <Function test_performance_regression_tmm>
      <Module test_pglobal_index_parallel_audit.py>
        <Class TestPGlobalIndexParallelModeAudit>
          <Function test_threadpool_only_when_n_workers_gt_one>
          <Function test_default_workers_use_certus_index_get_safe_worker_count>
          <Function test_frozen_build_worker_policy_matches_certus_core>
      <Module test_re_headless_audit.py>
        <Class TestREHeadlessThroughputAudit>
          <Function test_sequential_eval_throughput_ms_per_call>
          <Function test_parallel_pool_eval_throughput>
      <Module test_strat_mc_synthetic_audit.py>
        <Class TestStratMonteCarloSyntheticAudit>
          <Function test_synthetic_grid_peak_tracemalloc_and_gc_time>
    <Package property>
      <Module test_energy_conservation.py>
        <Class TestEnergyConservation>
          <Function test_RT_sum_leq_1_compute_TMM_generic[d0-n_layers0-1.52-3 layers k=0.01-0.02]>
          <Function test_RT_sum_leq_1_compute_TMM_generic[d1-n_layers1-1.52-metallic monolayer k=3]>
          <Function test_RT_sum_leq_1_compute_TMM_generic[d2-n_layers2-1.52-bilayer dielectrique+metal]>
          <Function test_RT_sum_leq_1_compute_TMM_generic[d3-n_layers3-1.52-5 layers k=0.01-0.05]>
          <Function test_RT_sum_leq_1_compute_TMM_generic[d4-n_layers4-1.52-2 pure layers (control)]>
          <Function test_RT_sum_leq_1_single_point_k0[d0-n_layers0-1.52-3 layers k=0.01-0.02]>
          <Function test_RT_sum_leq_1_single_point_k0[d1-n_layers1-1.52-metallic monolayer k=3]>
          <Function test_RT_sum_leq_1_single_point_k0[d2-n_layers2-1.52-bilayer dielectrique+metal]>
          <Function test_RT_sum_leq_1_single_point_k0[d3-n_layers3-1.52-5 layers k=0.01-0.05]>
          <Function test_RT_sum_leq_1_single_point_k0[d4-n_layers4-1.52-2 pure layers (control)]>
        <Class TestMacleodReciprocity>
          <Function test_T_reciprocity[d0-n_layers0-1.52-3 absorbing layers]>
          <Function test_T_reciprocity[d1-n_layers1-1.52-metallic monolayer]>
          <Function test_T_reciprocity[d2-n_layers2-1.52-dielectrique pur (controle)]>
        <Class TestLosslessConservation>
          <Function test_RT_equals_1_lossless>
        <Class TestVectorizedConsistency>
          <Function test_vectorized_vs_generic_absorbing>
      <Module test_physics_invariants.py>
        <Function test_energy_conservation_single_layer>
        <Function test_transparent_substrate_energy_conservation>
        <Function test_fresnel_limit_thin_layer>
        <Function test_non_absorbing_monotonicity>
        <Function test_wavelength_continuity>
        <Function test_physics_kernel_basic_calls>
    <Module test_field_module.py>
      <Function test_trapz_numba_linear>
      <Function test_trapz_numba_constant>
      <Function test_calculate_electric_field_basic>
      <Function test_calculate_opt_metrics>
      <Function test_top_level_objective_function>
      <Function test_top_level_objective_function_invalid_inputs>
      <Function test_top_level_objective_function_reflectance_window_penalty>
      <Function test_calculate_opt_metrics_invalid_l0_returns_safe_defaults>
      <Function test_field_stack_service_load_stack>
      <Function test_field_stack_service_normalize_layer_types>
      <Function test_field_export_service_build_plot_data_and_frames>
      <Function test_field_plot_data_round_trip>
      <Function test_field_worker_calculate>
      <Function test_field_worker_calculate_invalid_parameter_shapes_emits_error>
      <Function test_field_worker_optimize>
      <Function test_field_worker_optimize_integration>
      <Function test_field_worker_optimize_global_integration>
      <Function test_get_layer_properties_from_list_empty>
      <Function test_get_layer_properties_from_list_mismatched>
      <Function test_calculate_electric_field_empty>
      <Function test_certus_field_app_ui_lifecycle>
      <Function test_top_level_objective_function_active_field_minimization>
      <Function test_field_smart_cleanup>
      <Function test_field_worker_needle>
      <Function test_field_synthesis_loop_callbacks>
      <Function test_field_pareto_front>
      <Function test_certus_field_app_reset>
    <Dir ui>
      <Module test_a11y.py>
        <Function test_w45_wcag_aa_contrast_pairs_light_and_dark>
        <Function test_w45_shortcut_catalog_contains_core_entries>
      <Module test_certus_recent.py>
        <Function test_record_and_list_simple>
        <Function test_record_moves_existing_to_top>
        <Function test_cap_is_enforced>
        <Function test_list_recent_drops_missing_by_default>
        <Function test_forget_and_clear>
        <Function test_categories_are_isolated>
        <Function test_empty_or_invalid_paths_are_ignored>
        <Function test_short_label_truncates_nicely>
        <Function test_same_path_is_case_insensitive_and_normalised>
        <Function test_u5_certus_base_app_exposes_recent_hooks>
        <Function test_u5_record_recent_config_is_called_on_save>
        <Function test_u5_list_recent_configs_reads_from_registry>
        <Function test_u5_default_commands_surface_recent_when_available>
        <Function test_u5_default_commands_hide_recent_when_empty>
      <Module test_certus_recent_strip.py>
        <Function test_u5plus_module_exposes_public_api>
        <Function test_u5plus_build_factory_is_callable_without_parent>
        <Function test_u5plus_hub_has_attach_recent_files_strip_method>
        <Function test_u5plus_hub_attach_signature_has_optional_parent_layout>
        <Function test_u5plus_strip_renders_empty_state_when_no_recents>
        <Function test_u5plus_strip_lists_pills_after_recording>
        <Function test_u5plus_strip_emits_signal_and_invokes_callback>
        <Function test_u5plus_strip_refresh_reflects_latest_state>
      <Module test_certus_shortcuts_overlay.py>
        <Function test_u4_split_sequence_is_correct>
        <Function test_u4_group_entries_sorts_and_preserves_categories>
        <Function test_u4_collect_window_shortcuts_uses_commands>
        <Function test_u4_collect_window_shortcuts_dedup_qshortcut_vs_command>
        <Function test_u4_collect_window_shortcuts_handles_fallback_label>
        <Function test_u4_certus_base_app_exposes_overlay_hook>
        <Function test_u4_default_commands_include_show_shortcuts>
        <Function test_u4_open_shortcuts_overlay_builds_dialog>
      <Module test_certus_skeleton.py>
        <Function test_u7_module_exposes_public_api>
        <Function test_u7_public_api_safe_on_none>
        <Function test_u7_theme_colors_return_three_strings>
        <Function test_u7_constants_are_reasonable>
        <Function test_u7_install_then_uninstall_is_idempotent_and_symmetric>
        <Function test_u7_overlay_covers_target_area>
        <Function test_u7_overlay_resizes_with_target>
        <Function test_u7_skeleton_for_builds_overlay_without_starting>
        <Function test_u7_group_uses_requested_line_count>
      <Module test_certus_splash.py>
        <Function test_create_splash_default>
        <Function test_create_splash_svg_fallback>
        <Function test_create_splash_ico_fallback>
        <Function test_create_splash_blank_fallback>
      <Module test_certus_substrate_presenter.py>
        <Function test_substrate_presenter_headless>
        <Function test_substrate_presenter_headless_invalid_input>
      <Module test_certus_theme_font.py>
        <Function test_save_load_font_config>
        <Function test_theme_apply_font_family>
        <Function test_certus_hub_font_combobox>
      <Module test_certus_toast_stack.py>
        <Function test_u6_supported_variants_and_icons>
        <Function test_u6_icons_are_real_lucide_names>
        <Function test_u6_variant_colors_returns_three_hex_strings>
        <Function test_u6_public_api_does_nothing_when_parent_is_none>
        <Function test_u6_stack_per_parent_is_memoised>
        <Function test_u6_show_toast_stack_returns_toast_and_registers>
        <Function test_u6_stack_caps_at_max_size>
        <Function test_u6_toast_geometry_inside_parent>
        <Function test_u6_variants_render_without_exception>
      <Module test_certus_ux_system.py>
        <Function test_u1_tokens_exported>
        <Function test_u1_premium_overrides_shape>
        <Function test_u1_apply_certus_theme_accepts_premium_flag>
        <Function test_u2_icon_names_available>
        <Function test_u2_certus_icon_renders_non_empty>
        <Function test_u2_unknown_icon_never_raises>
        <Function test_u2_custom_color_changes_output>
        <Function test_u3_fuzzy_score_bounds_and_ordering>
        <Function test_u3_rank_commands_respects_match_only>
        <Function test_u3_rank_commands_empty_query_preserves_order>
        <Function test_u3_command_action_enabled_cb_is_respected>
        <Function test_u3_command_action_search_haystack_includes_keywords>
        <Function test_u3_certus_base_app_exposes_palette_hooks>
        <Function test_u3_default_commands_include_toggle_theme_and_quit>
        <Function test_u4_dashboard_card_show_event_triggers_fade_once>
      <Module test_spectrum_persistence_qsettings.py>
        <Function test_spline_spectrum_step3_keys_roundtrip>
        <Function test_index_classic_weight_keys_roundtrip>
      <Module test_u8_animations_onboarding_reports.py>
        <Function test_u8_module_surface>
        <Function test_u8_easing_names_are_stable_and_validated>
        <Function test_u8_durations_are_sensible>
        <Function test_u8_public_api_safe_on_none>
        <Function test_u8_fade_in_returns_running_animation>
        <Function test_u8_hover_lift_is_idempotent>
        <Function test_u9_onboarding_completion_flag>
        <Function test_u9_reset_all_clears_every_app>
        <Function test_u9_tour_step_is_frozen_dataclass>
        <Function test_u9_resolve_target_returns_none_for_missing_attr>
        <Function test_u9_filter_resolvable_drops_invalid_steps>
        <Function test_u9_run_onboarding_skipped_when_empty>
        <Function test_u9_run_onboarding_already_done>
        <Function test_u9_sample_data_discovery_on_empty_root>
        <Function test_u9_sample_data_lists_json_configs>
        <Function test_u10_brand_colors_have_required_keys>
        <Function test_u10_report_context_header_lines>
        <Function test_u10_section_kind_predicates>
        <Function test_u10_summary_header_is_newline_joined>
        <Function test_u10_excel_export_is_produced>
        <Function test_u10_excel_export_handles_empty_sections>
        <Function test_u10_pdf_export_is_produced>
        <Function test_u10_pdf_export_handles_empty_sections>
      <Module test_u8_u11_ux_widgets.py>
        <Function test_u8_module_surface>
        <Function test_u8_defaults_are_sensible>
        <Function test_u8_factory_returns_visible_widget>
        <Function test_u8_without_action_label_has_no_cta>
        <Function test_u8_action_emits_signal_and_invokes_callback>
        <Function test_u8_set_title_and_description>
        <Function test_u9_variants_and_icon_mapping>
        <Function test_u9_icons_are_real_lucide_names>
        <Function test_u9_variant_color_returns_three_hex_strings>
        <Function test_u9_widget_set_variant_changes_state>
        <Function test_u9_uppercase_option_transforms_text>
        <Function test_u9_unknown_variant_falls_back_to_neutral>
        <Function test_u10_tooltip_spec_is_frozen_dataclass>
        <Function test_u10_has_icon_and_has_link_flags>
        <Function test_u10_attach_and_detach_are_symmetric>
        <Function test_u10_reattach_replaces_previous_spec>
        <Function test_u10_none_widget_returns_spec_without_error>
        <Function test_u11_step_auto_slug_key>
        <Function test_u11_step_icons_match_states>
        <Function test_u11_step_icons_exist_in_lucide_bundle>
        <Function test_u11_step_color_returns_hex_string>
        <Function test_u11_format_eta_variants>
        <Function test_u11_tracker_advance_to_updates_states>
        <Function test_u11_mark_all_done_and_error_state>
        <Function test_u11_set_eta_shows_label>
        <Function test_u11_steps_returns_snapshot_copy>
    <Dir unit>
      <Module test_auto_clean_neighbor_pull.py>
        <Function test_auto_clean_prefers_neighbor_pull_variant_when_better>
        <Function test_auto_clean_without_neighbor_pull_only_tests_baseline_removals>
        <Function test_auto_clean_rejects_candidate_when_returned_mesh_is_inconsistent>
        <Function test_auto_clean_cancel_emits_canceled_progress_not_100_percent>
      <Module test_canonical_spline_ir_extension.py>
        <Function test_no_extension_when_lam_max_at_threshold>
        <Function test_no_extension_when_lam_max_below_threshold>
        <Function test_extension_two_equi_lambda_nodes_when_lam_max_above_threshold>
        <Function test_extension_threshold_strictly_greater_than_4000>
        <Function test_min_delta_lambda_spacing_honoured_on_mesh>
        <Function test_min_delta_aggressive_reduces_k_below_nominal_12>
      <Module test_certus_base_app_config_hooks.py>
        <Function test_certus_base_app_exposes_config_hooks>
        <Function test_post_save_and_post_load_hooks_signatures>
        <Function test_certus_index_app_overrides_hooks>
        <Function test_certus_index_app_does_not_override_save_load>
        <Function test_certus_index_collect_config_returns_expected_keys>
        <Function test_collect_config_without_widgets_is_resilient>
      <Module test_certus_bilayer_spline_validation.py>
        <Function test_validate_bilayer_spline_state_accepts_coherent_state>
        <Function test_validate_bilayer_spline_state_rejects_incoherent_coefficients>
      <Module test_certus_core.py>
        <Class TestGlobalConfig>
          <Function test_physical_constants_normalization>
          <Function test_global_config_constants_values>
        <Class TestConfigManager>
          <Function test_config_manager_initialization>
          <Function test_config_manager_save_load>
          <Function test_config_manager_default_value>
          <Function test_config_manager_get_set>
          <Function test_config_manager_error_handling>
        <Class TestResourcePath>
          <Function test_get_resource_path_existing_file>
          <Function test_get_resource_path_nonexistent_file>
          <Function test_get_resource_path_relative_path>
          <Function test_get_resource_path_frozen_uses_executable_parent>
        <Class TestPrecisionConfig>
          <Function test_get_precision_config>
          <Function test_get_float_dtype>
          <Function test_get_complex_dtype>
        <Class TestLoggingSystem>
          <Function test_setup_logging_basic>
          <Function test_setup_logging_with_file>
          <Function test_setup_logging_levels>
          <Function test_get_logger>
          <Function test_logging_error_handling>
          <Function test_setup_logging_is_idempotent_for_handler_count>
        <Class TestNumbaEnvironment>
          <Function test_configure_numba_env_is_idempotent>
          <Function test_configure_numba_env_sets_cache_and_thread_defaults>
        <Class TestExportConfig>
          <Function test_load_export_config>
          <Function test_save_export_config>
        <Class TestThemeConfig>
          <Function test_load_theme_config>
          <Function test_save_theme_config>
        <Class TestWorkerCount>
          <Function test_get_safe_worker_count>
          <Function test_get_cpu_count>
        <Class TestBootstrapApp>
          <Function test_bootstrap_app_basic>
          <Function test_bootstrap_app_with_log_name>
          <Function test_setup_module_logging_injects_structured_context>
          <Function test_create_module_environment_injects_structured_logger>
        <Class TestErrorHandling>
          <Function test_import_error_handling>
          <Function test_configuration_error_handling>
        <Class TestIntegration>
          <Function test_full_configuration_workflow>
          <Function test_resource_and_config_integration>
      <Module test_certus_core_coverage_boost.py>
        <Class TestConfigManager>
          <Function test_set_and_get>
          <Function test_reload>
          <Function test_load_corrupt_file>
        <Class TestCertusExceptions>
          <Function test_base_error_full_message>
          <Function test_base_error_no_details>
          <Function test_optimization_error>
          <Function test_physics_error>
          <Function test_config_error>
          <Function test_numerical_fault_exceptions_is_tuple>
        <Class TestQueueHandler>
          <Function test_emit_to_queue>
          <Function test_setup_gui_logger_returns_logger>
        <Class TestUtilities>
          <Function test_get_cpu_count>
          <Function test_is_frozen>
          <Function test_get_resource_path>
          <Function test_timestamp_file_format>
          <Function test_timestamp_display_format>
          <Function test_get_precision_config>
          <Function test_get_float_dtype>
          <Function test_get_complex_dtype>
          <Function test_get_safe_worker_count_default>
          <Function test_get_safe_worker_count_explicit>
          <Function test_get_safe_worker_count_zero>
          <Function test_handle_exception_keyboard>
          <Function test_wait_warmup_noop>
        <Class TestEnsureNumpy>
          <Function test_list_to_array>
          <Function test_with_dtype>
          <Function test_passthrough>
          <Function test_dtype_conversion>
          <Function test_multiple>
        <Class TestSystemConfig>
          <Function test_resource_path>
          <Function test_get_logger>
        <Class TestConstants>
          <Function test_cfg_defaults>
          <Function test_substrates>
          <Function test_substrate_list>
          <Function test_sellmeier_coeffs>
        <Class TestCoreCoverageBoost>
          <Function test_check_svg_availability_env_overrides>
          <Function test_check_svg_availability_win32_py314>
          <Function test_check_svg_availability_linux_py314>
          <Function test_get_materials_db_hash_not_found>
          <Function test_get_materials_db_hash_os_error>
          <Function test_get_safe_worker_count_frozen>
          <Function test_setup_logging_permission_error>
          <Function test_setup_logging_jsonl_error>
          <Function test_system_config_wrappers>
          <Function test_handle_exception_non_keyboard>
          <Function test_check_svg_availability_importerror>
          <Function test_save_error>
          <Function test_export_config_wrappers>
          <Function test_theme_config_wrappers>
          <Function test_queue_handler_emit_error>
          <Function test_setup_numba_cache_and_build_runtime>
          <Function test_wait_warmup_with_thread>
          <Function test_resource_path_frozen>
          <Function test_setup_module_logging>
          <Function test_create_module_environment>
          <Function test_bootstrap_app>
      <Module test_certus_core_warmup_registry.py>
        <Function test_wait_warmup_is_noop_when_no_thread_registered>
        <Function test_wait_warmup_resets_state_when_thread_is_dead>
        <Function test_wait_warmup_joins_alive_thread_then_resets>
        <Function test_wait_warmup_does_not_raise_on_repeated_calls>
      <Module test_certus_data.py>
        <Class TestReportSection>
          <Function test_creates_with_required_args>
        <Class TestNumpyEncoder>
          <Function test_encodes_int64>
          <Function test_encodes_float64>
          <Function test_encodes_array>
          <Function test_encodes_string_fallback>
        <Class TestReadCsvRobust>
          <Function test_read_comma_separated>
          <Function test_read_semicolon_separated>
          <Function test_missing_file_raises>
          <Function test_invalid_path_raises>
        <Class TestReadDataFileRobust>
          <Function test_dispatches_csv>
          <Function test_invalid_path_raises>
        <Class TestToCsvRobust>
          <Function test_writes_csv>
          <Function test_european_format>
          <Function test_empty_df_raises>
        <Class TestTimingLogger>
          <Function test_start_and_end>
          <Function test_end_without_start_noop>
          <Function test_global_timing>
        <Class TestPerformanceMonitor>
          <Function test_measure_context>
          <Function test_report_empty>
          <Function test_report_with_data>
        <Class TestSharedIndicesRoundtrip>
          <Function test_manager_worker_roundtrip>
        <Class TestSharedArrayRoundtrip>
          <Function test_manager_worker_roundtrip>
        <Class TestManifestFields>
          <Function test_required_fields_is_list>
          <Function test_get_missing_fields_full_manifest>
          <Function test_get_missing_fields_empty_manifest>
        <Class TestConstants>
          <Function test_wl_tolerance_positive>
          <Function test_csv_sample_size_positive>
          <Function test_excel_sheet_name_limit>
        <Class TestLoadSpectrumColumns>
          <Function test_load_csv_file>
          <Function test_load_xlsx_and_percent_normalization>
          <Function test_load_um_conversion>
          <Function test_load_raises_for_missing_file>
          <Function test_normalize_spectrum_dataframe_fallbacks>
          <Function test_normalize_spectrum_dataframe_renames_reflection>
        <Class TestPerfMonitorSingleton>
          <Function test_global_instance>
        <Class TestReportSectionHelpers>
          <Function test_to_html_dict>
          <Function test_excel_sheet_name_truncates>
          <Function test_excel_sheet_name_cleans_illegal_chars>
          <Function test_excel_sheet_name_override>
        <Class TestBuildStandardReport>
          <Function test_excel_output>
          <Function test_no_output_requested>
          <Function test_manifest_dict>
          <Function test_require_complete_manifest_fails>
      <Module test_certus_data_coverage_boost.py>
        <Class TestNumpyEncoder>
          <Function test_int64>
          <Function test_float64>
          <Function test_float32>
          <Function test_int32>
          <Function test_ndarray>
          <Function test_fallback_to_str>
        <Class TestReadCsvRobust>
          <Function test_comma_separated>
          <Function test_semicolon_separated>
          <Function test_invalid_filepath_raises>
          <Function test_file_not_found_raises>
          <Function test_none_filepath_raises>
        <Class TestReadDataFileRobust>
          <Function test_dispatches_csv>
          <Function test_invalid_filepath_raises>
        <Class TestToCsvRobust>
          <Function test_us_format>
          <Function test_european_format>
          <Function test_empty_df_raises>
          <Function test_invalid_path_raises>
        <Class TestTimingLogger>
          <Function test_start_and_end>
          <Function test_end_nonexistent_noop>
          <Function test_global_start_end>
        <Class TestPerformanceMonitor>
          <Function test_measure_and_report>
          <Function test_empty_report>
          <Function test_multiple_measures>
        <Class TestSharedIndicesManagerWorker>
          <Function test_context_manager_lifecycle>
          <Function test_worker_reads_correct_values>
          <Function test_worker_cache_hit>
          <Function test_double_close_safe>
      <Module test_certus_data_coverage_boost_extra.py>
        <Function test_metrology_imports_and_exceptions>
        <Function test_read_csv_robust_failures>
        <Function test_excel_openpyxl_not_installed_exception>
        <Function test_read_excel_robust_validations_and_failures>
        <Function test_to_excel_robust_validations>
        <Function test_export_optimization_report_numerical_fault_exceptions>
        <Function test_export_optimization_report_success_with_plots>
        <Function test_shared_memory_close_exception_safeties>
        <Function test_shared_indices_worker_exact_match_and_large_cache>
        <Function test_generate_html_report_visual_buffering>
        <Function test_build_standard_report_manifest_variations>
        <Function test_load_spectrum_columns_edge_cases>
      <Module test_certus_data_report_builder.py>
        <Class TestReportSection>
          <Function test_is_frozen>
          <Function test_to_html_dict_matches_legacy_schema>
          <Function test_excel_sheet_name_uses_title_by_default>
          <Function test_excel_sheet_name_truncates_long_title>
          <Function test_excel_sheet_name_strips_illegal_chars>
          <Function test_excel_sheet_name_empty_fallback>
          <Function test_override_sheet_name>
          <Function test_include_flags_default_true>
        <Class TestBuildStandardReport>
          <Function test_no_outputs_requested_returns_empty_dict>
          <Function test_excel_table_writes_sheet>
          <Function test_excel_kv_writes_sheet_with_key_value_columns>
          <Function test_excel_text_goes_to_summary_sheet>
          <Function test_excel_skips_image_sections>
          <Function test_excel_deduplicates_sheet_names>
          <Function test_include_in_excel_false_skipped>
          <Function test_excel_graceful_on_bad_path>
          <Function test_excel_adds_manifest_sheet_when_manifest_provided>
          <Function test_strict_manifest_blocks_export_when_missing>
          <Function test_strict_manifest_blocks_export_when_incomplete>
          <Function test_get_missing_manifest_fields_helper>
        <Function test_helpers_are_in_certus_data_all>
      <Module test_certus_data_spectrum_loader.py>
        <Class TestLoadSpectrumColumnsCSV>
          <Function test_returns_spectrum_load_result>
          <Function test_renames_columns_to_standard_roles>
          <Function test_keep_source_names_when_column_roles_empty>
          <Function test_limits_columns_to_max_columns>
          <Function test_drops_non_numeric_rows>
          <Function test_sorts_ascending_by_default>
          <Function test_no_sort_when_disabled>
        <Class TestUnitDetection>
          <Function test_detects_nm_by_default>
          <Function test_detects_um_and_converts_to_nm>
          <Function test_um_unit_preserved_when_to_nm_false>
          <Function test_forced_x_unit_overrides_detection>
        <Class TestPercentNormalisation>
          <Function test_converts_percent_columns_to_fractions>
          <Function test_keeps_fraction_columns_untouched>
          <Function test_disabled_when_normalise_percent_false>
        <Class TestExcelAndErrors>
          <Function test_reads_xlsx_file>
          <Function test_raises_on_missing_file>
          <Function test_raises_on_all_nan_file>
        <Function test_helpers_are_in_certus_data_all>
        <Function test_result_is_frozen>
      <Module test_certus_design.py>
        <Class TestCERTUSDesign>
          <Function test_module_import>
          <Function test_bootstrap_integration>
          <Function test_logging_integration>
          <Function test_physics_integration>
          <Function test_ui_integration>
        <Class TestDesignFunctionality>
          <Function test_design_algorithms>
          <Function test_extracted_worker_helpers_are_available>
          <Function test_worker_helper_build_needle_scan_mask_excludes_layers>
          <Function test_worker_helper_build_pglobal_config_local_mode>
          <Function test_worker_helper_prepare_pglobal_optimizer_runtime>
          <Function test_worker_helper_prepare_pglobal_inputs_uses_signal_and_gradient>
          <Function test_worker_helper_build_pglobal_config_global_mode_overrides>
          <Function test_worker_helper_tikhonravov_upgrade_is_safe_without_upgrade>
          <Function test_stop_qt_worker_thread_safely_handles_non_running_thread>
          <Function test_stop_qt_worker_thread_safely_requests_cooperative_shutdown>
          <Function test_layer_management>
          <Function test_target_management>
          <Function test_spectrum_calculationation>
          <Function test_optimization_parameters>
      <Module test_certus_design_config_hooks.py>
        <Function test_design_app_exposes_all_config_hooks>
        <Function test_design_post_save_config_signature_matches_base>
        <Function test_design_post_load_config_accepts_base_contract>
        <Function test_design_collect_config_is_pure_dict_method>
        <Function test_design_apply_config_takes_dict_only>
        <Function test_design_save_config_delegates_to_hooks_and_recent>
        <Function test_design_load_config_delegates_to_hooks_and_recent>
        <Function test_design_apply_config_delegates_to_small_helpers>
        <Function test_design_smart_cleanup_preserved_in_save_flow>
        <Function test_design_hooks_apis_are_callable_on_instance_shape>
      <Module test_certus_design_engine.py>
        <Function test_design_physics_bridge_returns_safe_sentinel_on_dimension_mismatch>
        <Function test_design_physics_bridge_delegates_to_flat_cost_and_gradient>
        <Function test_design_physics_bridge_reuses_ep_buffer_for_partial_updates>
        <Function test_design_physics_bridge_oblique_empty_configs_returns_safe_sentinel>
        <Function test_design_physics_bridge_all_variable_builds_contiguous_copy>
        <Function test_design_physics_bridge_rejects_thickness_below_minimum_when_fixed_layer_present>
        <Function test_design_physics_bridge_oblique_objective_delegates_to_selected_kernel>
        <Function test_design_physics_bridge_oblique_objective_delegates_to_helper>
        <Function test_design_physics_bridge_oblique_gradient_delegates_to_analytic_hook>
      <Module test_certus_design_orchestrator_ux.py>
        <Function test_design_orchestrator_shows_guided_error_on_optimization_failure>
        <Function test_design_orchestrator_needle_state>
      <Module test_certus_design_services.py>
        <Function test_design_strategy_service_wraps_runner_and_manifest>
        <Function test_design_strategy_service_accepts_mapping_payload>
        <Function test_design_strategy_service_legacy_payload_filters_request_metadata>
        <Function test_design_strategy_service_normalizes_flat_payload_to_config>
        <Function test_design_strategy_service_accepts_cfg_alias_in_legacy_payload>
        <Function test_design_strategy_service_normalize_request_preserves_legacy_metadata>
        <Function test_design_strategy_service_normalize_request_passthroughs_typed_request>
        <Function test_design_strategy_service_rejects_unknown_status_and_defaults_to_ok>
        <Function test_design_strategy_service_falls_back_to_safe_result_on_non_dict_runner_output>
        <Function test_design_strategy_service_build_runner_payload_matches_worker_request>
        <Function test_design_strategy_service_extract_design_config_accepts_cfg_alias>
        <Function test_design_strategy_request_defaults_are_safe>
        <Function test_design_strategy_response_defaults_are_structure_safe>
        <Function test_design_strategy_public_contract_matches_base>
      <Module test_certus_design_worker_utils.py>
        <Function test_optim_oblique_unique_display_keys_order>
        <Function test_optim_oblique_group_targets_on_wavelengths>
        <Function test_optim_oblique_configs_from_groups_and_local_positions>
        <Function test_optim_oblique_group_skips_empty_band>
        <Function test_optim_backside_flags_defaults>
        <Function test_optim_backside_flags_stack_requires_coat_flag>
        <Function test_optim_backside_flags_none_stack_back_normalized>
        <Function test_optim_backside_flags_coated_stack>
        <Function test_optim_post_optim_time_budget_seconds_piecewise>
        <Function test_optim_calc_oblique_selected_front_only_branch>
        <Function test_optim_bounds_thickness_local>
        <Function test_optim_bounds_thickness_healing>
        <Function test_optim_bounds_thickness_global>
        <Function test_optim_var_indices_from_stack>
        <Function test_optim_rmse_display_string_and_valid>
        <Function test_optim_qwot_values_from_ep_stack>
        <Function test_optim_qwot_values_dict_material_and_l0_zero>
        <Function test_optim_display_wavelength_grid_defaults>
        <Function test_optim_display_wavelength_grid_respects_uv_floor>
        <Function test_optim_display_wavelength_grid_custom_n_points>
        <Function test_optim_prepare_stack_nk_back_without_back_stack>
        <Function test_optim_prepare_stack_nk_back_with_back_stack>
      <Module test_certus_design_workers.py>
        <Function test_color_worker_init>
        <Function test_needle_worker_init>
      <Module test_certus_design_workers_dto.py>
        <Function test_optim_worker_request_from_legacy_copies_payload>
        <Function test_optim_worker_request_from_legacy_handles_non_dict>
        <Function test_optim_worker_request_from_legacy_traceability>
        <Function test_color_worker_request_from_legacy_copies_payload>
        <Function test_needle_worker_request_from_legacy_handles_non_dict>
        <Function test_color_worker_result_to_legacy_dict_success_shape>
        <Function test_color_worker_result_to_legacy_dict_failure_shape>
        <Function test_optim_worker_result_to_legacy_dict_success_shape>
        <Function test_optim_worker_result_to_legacy_dict_failure_shape>
        <Function test_needle_worker_result_to_legacy_dict_action_only>
        <Function test_needle_worker_result_from_legacy_split_payload>
        <Function test_design_params_dto_validation>
      <Module test_certus_dto.py>
        <Function test_base_headless_request_model_accepts_run_id>
        <Function test_index_fit_request_model_inherits_run_id_field>
      <Module test_certus_errors.py>
        <Class TestExceptionHierarchy>
          <Function test_validation_error_is_certus_error>
          <Function test_file_error_is_certus_error>
          <Function test_data_error_is_certus_error>
          <Function test_computation_error_is_certus_error>
          <Function test_convergence_error_hierarchy>
          <Function test_material_error_hierarchy>
          <Function test_domain_error_hierarchy>
          <Function test_physics_convergence_error_hierarchy>
          <Function test_configuration_corruption_error_hierarchy>
          <Function test_corrupted_project_error_hierarchy>
        <Class TestValidateWavelengthRange>
          <Function test_valid_range>
          <Function test_nan_raises>
          <Function test_inf_raises>
          <Function test_min_ge_max_raises>
          <Function test_equal_min_max_raises>
          <Function test_below_physical_limit_raises>
          <Function test_above_physical_limit_raises>
          <Function test_negative_raises>
        <Class TestValidateThickness>
          <Function test_valid_thickness>
          <Function test_zero_allowed>
          <Function test_zero_not_allowed>
          <Function test_nan_raises>
          <Function test_negative_raises>
          <Function test_too_large_raises>
          <Function test_custom_max>
        <Class TestValidateRefractiveIndex>
          <Function test_valid_index>
          <Function test_valid_with_k>
          <Function test_nan_raises>
          <Function test_negative_raises>
          <Function test_below_one_raises>
          <Function test_below_one_allowed>
          <Function test_too_high_raises>
          <Function test_k_nan_raises>
          <Function test_k_negative_raises>
          <Function test_k_too_high_raises>
        <Class TestValidateSpectralData>
          <Function test_valid_data>
          <Function test_empty_raises>
          <Function test_mismatched_lengths>
          <Function test_insufficient_points>
          <Function test_nan_wavelengths>
          <Function test_nan_values>
          <Function test_unsorted_raises>
          <Function test_out_of_bounds>
          <Function test_no_bounds_check>
        <Class TestValidateParameterRange>
          <Function test_valid>
          <Function test_nan_raises>
          <Function test_below_min_raises>
          <Function test_above_max_raises>
          <Function test_unit_in_message>
        <Class TestErrorMessages>
          <Function test_known_code>
          <Function test_unknown_code_falls_back>
          <Function test_format_kwargs_missing>
          <Function test_format_validation_error>
        <Class TestUIHelpers>
          <Function test_show_error>
          <Function test_show_warning>
          <Function test_show_validation_error>
          <Function test_show_error_no_suggestion>
          <Function test_show_warning_no_suggestion>
          <Function test_show_validation_error_no_details_no_suggestion>
          <Function test_safe_ui_action_fallback_executes_function>
          <Function test_safe_ui_action_exception_is_swallowed>
        <Class TestSafeUIAction>
          <Function test_safe_ui_action_success>
          <Function test_safe_ui_action_exception_caught>
          <Function test_safe_ui_action_certus_validation_error>
          <Function test_safe_ui_action_certus_domain_error>
          <Function test_safe_ui_action_unexpected_exception>
          <Function test_safe_ui_action_fallback_on_import_error>
          <Function test_safe_ui_action_extra_arguments>
        <Class TestValidateProjectDict>
          <Function test_valid_project_dict>
          <Function test_missing_required_keys>
          <Function test_invalid_thickness>
          <Function test_invalid_non_finite_thickness>
          <Function test_invalid_type_array>
          <Function test_inconsistent_sizes>
      <Module test_certus_errors_coverage_boost.py>
        <Function test_validate_wavelength_range_happy_path>
        <Function test_validate_wavelength_range_rejects_non_finite>
        <Function test_validate_wavelength_range_rejects_inverted_bounds>
        <Function test_validate_thickness_branches>
        <Function test_validate_refractive_index_branches>
        <Function test_validate_spectral_data_branches>
        <Function test_validate_parameter_range_and_messages>
        <Function test_error_message_helpers>
        <Function test_show_helpers_use_qmessagebox>
      <Module test_certus_hub.py>
        <Class TestCERTUSHUB>
          <Function test_module_import>
          <Function test_bootstrap_integration>
          <Function test_bootstrap_call>
          <Function test_logging_integration>
          <Function test_ui_components_import>
        <Class TestHubFunctionality>
          <Function test_version_access>
          <Function test_application_initialization>
          <Function test_resource_handling>
          <Function test_hub_app_catalog_is_declarative_and_complete>
          <Function test_build_hub_apps_catalog_returns_mutable_copy>
        <Class TestHubIntegration>
          <Function test_application_initialization>
          <Function test_hub_core_integration>
          <Function test_module_launch_capabilities>
      <Module test_certus_hub_contract.py>
        <Function test_hub_catalog_declares_module_categories_and_contracts>
        <Function test_hub_substrate_tool_is_not_marked_as_core_workflow>
      <Module test_certus_index_spline_corridor_contract.py>
        <Function test_normalize_corridor_live_payload_prefers_live_keys>
        <Function test_normalize_corridor_live_payload_supports_legacy_keys>
        <Function test_normalize_corridor_live_payload_trims_mismatched_lengths>
      <Module test_certus_index_utils.py>
        <Class TestLogStructuredJsonEvent>
          <Function test_none_logger_is_noop>
          <Function test_emits_json_line>
          <Function test_non_serializable_field_does_not_raise>
        <Class TestSpectralRmseWeights>
          <Function test_single_point_returns_ones>
          <Function test_uniform_grid_sums_to_n>
          <Function test_non_uniform_grid_sums_to_n>
          <Function test_all_weights_positive>
        <Class TestLamUniformGrid>
          <Function test_basic_grid>
          <Function test_reversed_bounds_empty>
          <Function test_nan_bounds_empty>
          <Function test_tight_range_single_point>
          <Function test_dtype_is_float64>
        <Class TestSortedFiniteSigmaKnots>
          <Function test_none_returns_empty>
          <Function test_empty_returns_empty>
          <Function test_filters_negative_and_zero>
          <Function test_filters_nan_and_inf>
          <Function test_removes_duplicates>
          <Function test_result_is_sorted>
        <Class TestRatioTheoreticalFromNk>
          <Function test_zero_thickness_ratio_near_one>
          <Function test_output_shape_matches_input>
        <Class TestTransmittanceAbsoluteFromNk>
          <Function test_zero_k_high_transmittance>
          <Function test_absorbing_film_reduces_transmittance>
        <Class TestReflectanceRatioTheoreticalFromNk>
          <Function test_output_shape>
          <Function test_positive_values>
      <Module test_certus_logging.py>
        <Function test_structured_logger_emits_run_context>
      <Module test_certus_measurement_excel_ui.py>
        <Class TestPickMeasurementSheetName>
          <Function test_empty_returns_none>
          <Function test_single_sheet>
          <Function test_prefers_measurement_alias>
      <Module test_certus_metal_bilayer_progress_contract.py>
        <Function test_bilayer_progress_payload_normalization>
      <Module test_certus_metal_bilayer_spline_contract.py>
        <Function test_validate_bilayer_spline_state_accepts_consistent_state>
        <Function test_validate_bilayer_spline_state_rejects_mismatched_coeff_count>
        <Function test_validate_bilayer_spline_state_rejects_invalid_interval>
      <Module test_certus_metal_bilayer_ui_smoke.py>
        <Function test_certus_metal_bilayer_app_constructs_headless>
      <Module test_certus_metal_common.py>
        <Function test_normalize_percent_column_handles_percent_values>
        <Function test_normalize_percent_column_keeps_fraction_values>
        <Function test_normalize_percent_column_handles_empty_array>
        <Function test_setup_beam_analysis_thread_wires_cleanup_signals>
        <Function test_format_beam_status_formats_expected_string>
        <Function test_teardown_beam_thread_stops_and_clears_thread_state>
      <Module test_certus_metal_progress_contract.py>
        <Function test_build_metal_progress_event_clamps_and_normalizes_fields>
        <Function test_build_metal_progress_event_keeps_message_and_defaults>
      <Module test_certus_metal_progress_integration.py>
        <Function test_metal_progress_event_looks_like_pglobal_progress>
        <Function test_metal_progress_event_preserves_fallbacks>
      <Module test_certus_metal_single_progress_contract.py>
        <Function test_single_progress_payload_normalization>
      <Module test_certus_metal_single_smoke.py>
        <Function test_certus_metal_single_module_imports_and_exports>
        <Function test_certus_metal_single_substrate_resolution_and_fallback>
      <Module test_certus_metal_single_ui_smoke.py>
        <Function test_certus_metal_single_app_constructs_headless>
      <Module test_certus_metrology.py>
        <Function test_compute_params_hash_is_deterministic_for_same_payload>
        <Function test_run_context_create_captures_input_fingerprint>
        <Function test_run_manifest_flat_dict_serializes_nested_values>
      <Module test_certus_physics_hotpaths.py>
        <Function test_arange_inclusive_includes_stop_and_validates_step>
        <Function test_trim_worst_only_trims_sorted_tail>
        <Function test_fit_parabola_vertex_3points_coefficients>
        <Function test_calc_qwot_and_calc_rmse_weighted_band>
        <Function test_colorimetry_roundtrip_and_delta_e_zero>
        <Function test_numba_interp_scalar_and_vectorized_linear_extrapolation>
        <Function test_numba_interp_edge_cases_empty_and_singleton_grid>
        <Function test_get_n_substrate_array_by_id_handles_unknown_and_min_lambda>
        <Function test_validate_wavelengths_batch_shape_and_nonnegative_metrics>
        <Function test_compute_rt_from_matrix_handles_zero_admittance_and_low_incident_real_part>
        <Function test_compute_tmm_single_point_exact_normalizes_positive_imaginary_part>
        <Function test_material_database_missing_file_loads_empty_data>
        <Function test_material_database_interpolation_cache_and_ranges>
        <Function test_material_database_generic_computation_cache_stats>
      <Module test_certus_physics_kernels.py>
        <Function test_sellmeier_n_array>
        <Function test_get_nk_cauchy>
        <Function test_get_nk_cauchy_simple>
        <Function test_epsilon_to_nk>
        <Function test_epsilon1_TL_analytic>
        <Function test_calculate_bare_substrate_RT>
        <Function test_calculate_reflection_single>
        <Function test_calculate_transmission_single>
      <Module test_certus_physics_structures.py>
        <Function test_physics_impl_exports_expected_symbols>
        <Function test_do_not_split_markers_still_present>
      <Module test_certus_re.py>
        <Class TestParseREColumnHeader>
          <Function test_parse_headers[R-expect0]>
          <Function test_parse_headers[T-expect1]>
          <Function test_parse_headers[R-45-s-noBK-expect2]>
          <Function test_parse_headers[R-45p-noBK-expect3]>
          <Function test_parse_headers[R-45P-noBK-expect4]>
          <Function test_parse_headers[T-30-P-BACK-expect5]>
          <Function test_parse_headers[t_20_s_plate-expect6]>
          <Function test_parse_headers[R aoi25 polp finite-expect7]>
          <Function test_parse_headers[R-45-avg-nobk-expect8]>
          <Function test_parse_headers[R0-0deg-BK-expect9]>
          <Function test_parse_headers[R-45-s-1f-expect10]>
          <Function test_parse_headers[R-45-p-2f-expect11]>
          <Function test_parse_headers[T_30_s_2F-expect12]>
          <Function test_parse_headers[Rs1f-expect13]>
          <Function test_parse_headers[R 45 s 1f-expect14]>
          <Function test_parse_headers[R-45s1f-expect15]>
          <Function test_parse_headers[Reflection 45 sec noBK-expect16]>
          <Function test_parse_headers[30 P transmission with rear-expect17]>
          <Function test_parse_headers[Reflexion incidence 25 s-expect18]>
          <Function test_conflicting_backside_raises>
          <Function test_assumed_reflectance_emits_interpretation_note>
          <Function test_unknown_token_emits_note>
        <Class TestRERmseProgressParsing>
          <Function test_parse_re_rmse_combined_from_progress_message[Phase 2 RMSE_facade(curr)=0.123456-0.123456]>
          <Function test_parse_re_rmse_combined_from_progress_message[done RMSE_facade=1.25e-3-0.00125]>
          <Function test_parse_re_rmse_combined_from_progress_message[step RMSE\u2211=0.004-0.004]>
          <Function test_parse_re_rmse_combined_from_progress_message[step RMSE\u03a3=0.005-0.005]>
          <Function test_parse_re_rmse_combined_from_progress_message[done RMSE_combined=0.006-0.006]>
          <Function test_parse_re_rmse_combined_from_progress_message[done RMSE(curr)=0.007-0.007]>
          <Function test_parse_re_rmse_combined_from_progress_message[done RMSE=0.008-0.008]>
          <Function test_parse_re_rmse_combined_rejects_invalid_messages[]>
          <Function test_parse_re_rmse_combined_rejects_invalid_messages[no rmse here]>
          <Function test_parse_re_rmse_combined_rejects_invalid_messages[RMSE=-1.0]>
          <Function test_parse_re_rmse_combined_rejects_invalid_messages[RMSE=nan]>
        <Class TestREMeasurementWavelengthColumn>
          <Function test_explicit_wavelength_header_no_warning>
          <Function test_french_wavelength_header_recognized>
          <Function test_obvious_fallback_emits_warning>
        <Class TestREDesignQwotAndSheets>
          <Function test_parse_design_qwot_multicolumn_row_major>
          <Function test_parse_design_qwot_single_column_legacy>
          <Function test_resolve_workbook_sheet_synonyms>
          <Function test_resolve_workbook_accented_french_tab_names>
        <Class TestREsubstrateCauchy3>
          <Function test_phi_and_eval_consistency>
          <Function test_feasible_theta_matches_tab>
          <Function test_barrier_jacobian_active_upper>
        <Function test_re_ranking_combined_rmse_matches_formula>
        <Class TestREDeadzoneExcess>
          <Function test_excess_zero_inside_band>
          <Function test_excess_outside_band>
          <Function test_eps_zero_falls_back_to_abs>
        <Class TestREHLDeltaReKnotRegularization>
          <Function test_residual_scales_quartic_in_delta>
        <Class TestREPhase4BeamKnots>
          <Function test_sort_knot_pairs_permutes_ap_with_lam>
          <Function test_chromatic_band_masks_do_not_mutate_knots>
          <Function test_phase4_spectrum_matches_subprocess>
          <Function test_ap_staircase_polyline_matches_band_model>
          <Function test_four_knot_stair_non_monotone>
          <Function test_p4_kwargs_from_opt_result>
          <Function test_rmse_oblique_phase4_consistency_subprocess>
        <Class TestReverseSampleXlsxInitialRmse>
          <Function test_re_workflow_convergence>
        <Class TestREAppSkeletonLoaders>
          <Function test_re_app_skeletons_methods>
        <Class TestCertusREResultsDialogSmoke>
          <Function test_dialog_init>
      <Module test_certus_re_worker_utils.py>
        <Function test_resolve_uniform_when_schedule_off>
        <Function test_resolve_per_phase_defaults>
        <Function test_p2_result_to_correc_tuple_sub3>
        <Function test_p2_result_to_correc_tuple_spline_branch>
        <Function test_shake_sigmas_adaptive>
        <Function test_shake_sigmas_adaptive_clips_to_scale_max>
        <Function test_shake_sigmas_adaptive_clips_to_scale_min>
        <Function test_re_ranking_combined_rmse_is_monotonic>
        <Function test_re_enrich_results_ranking_fields_nominal_correc>
        <Function test_re_finalize_ranking_log_suffix_empty_without_score>
        <Function test_re_finalize_ranking_log_suffix_nonempty>
        <Function test_re_finalize_finished_main_and_milestone_log_lines>
        <Function test_re_finalize_progress_message_done>
        <Function test_re_result_dict_stop_before_first_trf>
        <Function test_re_build_finished_payload_re>
        <Function test_re_results_builder_matches_function_contract>
        <Function test_parse_re_rmse_combined_facade_patterns>
        <Function test_re_enrich_results_ranking_fields_spline_sub3_correc>
        <Function test_re_correc_nominal_pct_tuple>
        <Function test_helpers_objective_variance_fractions_comb_matches_ranking>
        <Function test_helpers_combined_rmse_matches_ranking>
        <Function test_re_objective_wls_weight_log_trap>
        <Function test_re_objective_wls_grid_uses_target_centers_when_on>
        <Function test_re_objective_wls_grid_dense_when_no_active_targets>
        <Function test_re_oblique_config_meta_buckets>
        <Function test_re_interpolate_progress_segment_endpoints>
        <Function test_re_build_p2_progress_plan_keys>
        <Function test_re_progress_pct_p1_first_run>
        <Function test_re_phase1_trf_runs_multistart_single>
        <Function test_re_phase1_trf_runs_multistart_lhs_stays_in_bounds>
        <Function test_re_trf_bounds_scipy_tuples_matches_arrays>
        <Function test_re_trf_bounds_scipy_tuples_length_mismatch_raises>
        <Function test_re_trf_thickness_bounds_pm_10pct>
        <Function test_re_trf_thickness_bounds_clamps_lower_to_zero>
        <Function test_re_live_plot_wls_and_dispersion_shapes>
        <Function test_re_nominal_indices_at_wls_shapes>
        <Function test_resolve_re_qwot_alphas_adaptive_clamps>
      <Module test_certus_re_workers_service.py>
        <Function test_re_phases_service_executes_all_in_order>
        <Function test_re_phases_service_accepts_injected_phase_contracts>
        <Function test_re_phase_state_service_prepares_phase2_state>
        <Function test_prepare_phase2_fd_settings_defaults_to_process_executor>
        <Function test_build_p2_prefit_bounds_returns_float64_bounds>
        <Function test_re_worker_request_from_legacy_copies_payload>
        <Function test_re_worker_request_from_legacy_handles_non_dict>
        <Function test_re_phase1_result_to_legacy_dict_normalizes_types>
        <Function test_re_phase2_result_to_legacy_dict_without_cauchy>
        <Function test_re_phase2_result_to_legacy_dict_with_cauchy>
        <Function test_re_phase3_result_to_legacy_dict_without_cauchy>
        <Function test_re_phase3_result_to_legacy_dict_with_cauchy>
        <Function test_re_phase4_result_to_legacy_dict_without_cauchy>
        <Function test_re_phase4_result_to_legacy_dict_with_cauchy>
        <Function test_re_phase4_result_from_legacy_dict_maps_expected_fields>
        <Function test_re_phase4_result_from_legacy_dict_supports_pre_p4_payload>
        <Function test_build_phase2_result_constructs_expected_dto>
        <Function test_build_phase2b_output_reconstructs_metrics>
        <Function test_top_result_dto_returns_none_for_empty_and_maps_first_item>
        <Function test_result_dto_at_supports_index_and_bounds>
        <Function test_set_top_result_dto_replaces_or_initializes>
        <Function test_prepend_result_dto_adds_front_item>
        <Function test_replace_all_with_top_dto_keeps_single_item>
        <Function test_build_phase4_aperture_bounds_appends_aperture_columns>
        <Function test_phase4_aperture_slice_extracts_contiguous_values>
      <Module test_certus_reset_framework.py>
        <Class TestCertusResetManager>
          <Function test_manager_init>
          <Function test_confirm_reset_returns_false_when_no>
          <Function test_confirm_reset_returns_true_when_yes>
          <Function test_stop_all_workers_calls_request_stop_if_present>
          <Function test_stop_all_workers_calls_cleanup_worker_if_present>
          <Function test_stop_all_workers_calls_worker_stop_when_available>
          <Function test_clear_ui_elements_clears_tables_and_labels>
          <Function test_clear_ui_elements_clears_stack_table_when_in_widgets>
          <Function test_load_application_defaults_calls_app_load_defaults>
          <Function test_load_application_defaults_no_error_when_no_load_defaults>
        <Class TestCreateResetButton>
          <Function test_create_reset_button_returns_button>
          <Function test_create_reset_button_without_use_app_reset_uses_manager>
          <Function test_create_reset_button_with_use_app_reset_connects_to_app_reset_to_defaults>
          <Function test_create_reset_button_use_app_reset_false_when_app_has_no_reset_to_defaults>
        <Class TestResetIntegration>
          <Function test_reset_to_defaults_cancelled_when_user_says_no>
          <Function test_reset_to_defaults_full_flow_when_user_says_yes>
          <Function test_reset_works_during_loop_request_stop_called_before_cleanup>
        <Class TestAsyncWriteWorker>
          <Function test_worker_writes_json_atomically>
          <Function test_worker_handles_payload_factory_errors>
        <Class TestResetManagerCoverageBoost>
          <Function test_reset_to_defaults_exception_handling>
          <Function test_stop_all_workers_exceptions>
          <Function test_worker_stop_types_and_timeouts>
          <Function test_clear_ui_exceptions>
          <Function test_reset_plots_axes_labels_exception>
          <Function test_clear_internal_state_structures_without_clear>
          <Function test_handle_detached_windows>
          <Function test_reset_app_to_defaults_no_confirm>
          <Function test_reset_manager_extreme_branch_coverage>
      <Module test_certus_services.py>
        <Function test_index_fit_service_delegates_to_runner_and_wraps_manifest>
        <Function test_substrate_index_service_wraps_manifest_with_status>
        <Function test_re_fit_service_wraps_manifest>
        <Function test_index_fit_manifest_fingerprints_multiple_existing_paths>
        <Function test_manifest_source_paths_are_normalized_before_fingerprinting>
        <Function test_service_accepts_mapping_payload_and_normalizes_status>
        <Function test_seeded_service_smoke_is_deterministic_for_stable_fields[IndexFitService-IndexFitRequest-CERTUS_INDEX]>
        <Function test_seeded_service_smoke_is_deterministic_for_stable_fields[SubstrateIndexService-SubstrateIndexRequest-CERTUS_SUBSTRATE_INDEX]>
        <Function test_seeded_service_smoke_is_deterministic_for_stable_fields[REFitService-REFitRequest-CERTUS_RE]>
        <Function test_headless_services_public_contract_is_normalized>
        <Function test_future_headless_services_must_follow_contract>
      <Module test_certus_spectral_preproc.py>
        <Class TestDynamicSavgolBlend>
          <Function test_shape_preserved_2d>
          <Function test_shape_preserved_1d>
        <Class TestAutoTuneSavgol>
          <Function test_returns_odd_windows>
          <Function test_from_dataframe_matches_matrix>
          <Function test_unknown_preset_uses_default_penalties_like_medium>
          <Function test_extreme_mode_limits_poly_to_2>
          <Function test_auto_tune_single_curve_row>
        <Class TestDynamicSavgolBlendEdge>
          <Function test_small_length_preserves_shape>
      <Module test_certus_spectral_workers.py>
        <Function test_eval_worker_request_from_legacy_copies_payload>
        <Function test_eval_worker_request_from_legacy_handles_non_dict>
        <Function test_eval_worker_result_to_legacy_dict_non_oblique>
        <Function test_eval_worker_result_to_legacy_dict_oblique_includes_spectra>
      <Module test_certus_spectrum_eval_ui.py>
        <Function test_spectrum_eval_feedback_prefers_shared_status_helper>
        <Function test_spectrum_eval_feedback_falls_back_to_status_labels>
        <Function test_show_status_feedback_updates_known_status_label>
        <Function test_show_status_feedback_falls_back_to_lbl_status>
      <Module test_certus_spline_report.py>
        <Function test_build_report_auto_with_minimal_context>
        <Function test_build_report_auto_without_result_noop>
        <Function test_build_report_falls_back_to_df_lambda>
      <Module test_certus_strat_audit.py>
        <Function test_audit_dataclasses_and_serialization_smoke>
      <Module test_certus_strat_coherence.py>
        <Class TestStratDynamicsMetric>
          <Function test_dynamics_metric_constant>
        <Class TestStratRobustnessScoring>
          <Function test_results_per_noise_contain_rmse_p95_p99>
          <Function test_robustness_score_is_max_p95>
        <Class TestStratSeedReproducibility>
          <Function test_same_seed_same_score>
        <Class TestStratSafetyFallback>
          <Function test_fallback_is_l0_only>
          <Function test_strict_transmission_floor_raises_when_no_candidate>
        <Class TestStratSymmetryScoring>
          <Function test_local_extrema_symmetry_score_bounds>
          <Function test_build_symmetry_bonus_map_reads_extrema_fields>
        <Class TestStratTheoreticalLayerProfile>
          <Function test_extract_local_extrema_points_detects_min_and_max>
          <Function test_compute_theoretical_layer_profile_has_required_fields>
        <Class TestStratSymmetryMining>
          <Function test_same_wavelength_bonus_changes_dp_ranking>
          <Function test_mining_emits_sym_origin>
          <Function test_adaptive_same_wl_bonus_uses_layer_importance>
        <Class TestStratSymmetryContractAndStability>
          <Function test_validate_strategy_blocks_contract_catches_gap>
          <Function test_validate_strategy_blocks_contract_handles_malformed_types>
          <Function test_compute_blocks_range_contractual_handles_single_layer>
          <Function test_validate_candidates_phase_a_preserves_extrema_metadata>
          <Function test_robustness_seed_is_independent_of_global_rng_state>
          <Function test_run_final_simulation_block_prefers_sym_on_true_tie>
          <Function test_run_final_simulation_block_prefers_smart_merge_sym_on_true_tie>
          <Function test_run_final_simulation_block_tie_is_deterministic_by_strategy_id>
          <Function test_run_final_simulation_block_applies_family_diversity_top_k>
          <Function test_run_final_simulation_block_consensus_reranks_seed_sensitive_top1>
          <Function test_run_final_simulation_block_consensus_prefilters_on_sorted_topk>
          <Function test_run_final_simulation_block_applies_consensus_after_elite>
          <Function test_parallel_block_worker_runs_full_pass_after_screen>
        <Class TestStratResetIntegration>
          <Function test_certus_strat_app_has_request_stop>
          <Function test_request_stop_sets_params_when_worker_running>
        <Class TestStratCorridorSensitivity>
          <Function test_corridor_min_k_half_width_is_enforced_and_counts_changes>
          <Function test_corridor_envelope_expands_to_include_reported_curve>
          <Function test_corridor_sorted_stacks_orders_by_d>
          <Function test_corridor_d_interval_prefers_parabola_center_when_enabled>
          <Function test_corridor_package_returns_failure_on_empty_context>
          <Function test_corridor_package_detects_n_k_crossing_and_keeps_bounds>
          <Function test_corridor_package_with_scientific_nominal_keeps_reference_inside_bounds>
          <Function test_corridor_d_interval_clips_to_bounds_when_needed>
          <Function test_corridor_package_full_output_has_consistent_shapes_and_keys>
        <Class TestStratPipelineOrchestration>
          <Function test_pipeline_phase_a_only>
          <Function test_pipeline_stop_requested>
          <Function test_pipeline_full_sequence>
          <Function test_pipeline_numerical_error>
          <Function test_pipeline_phase_b_empty>
        <Class TestStratConsensusAndElite>
          <Function test_consensus_disabled>
          <Function test_consensus_enabled>
          <Function test_cache_hit>
          <Function test_cache_miss>
          <Function test_elite_without_gain>
          <Function test_elite_with_gain>
          <Function test_reranking_stable>
      <Module test_certus_strat_context.py>
        <Class TestStratContextCreation>
          <Function test_default_construction>
          <Function test_with_material_db>
          <Function test_post_init_creates_lock>
        <Class TestSingletonPattern>
          <Function test_no_context_initially>
          <Function test_set_and_get>
          <Function test_set_none>
        <Class TestContextManagerProtocol>
          <Function test_activate_sets_current>
          <Function test_nested_contexts>
          <Function test_context_manager_returns_ctx>
          <Function test_context_manager_restores_on_exception>
        <Class TestEmitStat>
          <Function test_sp_batching>
          <Function test_non_sp_immediate>
          <Function test_no_queue_no_crash>
          <Function test_broken_pipe_handled>
        <Class TestFlushStats>
          <Function test_flush_sends_buffered>
          <Function test_flush_empty_noop>
          <Function test_flush_resets_buffer>
        <Class TestCacheManagement>
          <Function test_clear_cache>
        <Class TestGetContext>
          <Function test_creates_default_if_none>
          <Function test_returns_existing>
        <Class TestWorkerInit>
          <Function test_worker_init_sets_current>
      <Module test_certus_strat_dtos.py>
        <Function test_strat_params_dto_instantiation_and_mapping>
        <Function test_strat_opti_results_dto_instantiation_and_mapping>
      <Module test_certus_strat_json_loading.py>
        <Function test_strat_json_example_loads_canonical_h_material>
      <Module test_certus_strat_rmse_export.py>
        <Function test_select_best_strat_result_prefers_first_positive_score[items0-0.031]>
        <Function test_select_best_strat_result_prefers_first_positive_score[items1-0.042]>
        <Function test_select_best_strat_result_prefers_first_positive_score[items2-0.055]>
        <Function test_select_best_strat_result_prefers_first_positive_score[items3-0.0]>
        <Function test_select_best_strat_result_returns_none_for_empty_list>
        <Function test_extract_best_rmse_from_final_results>
        <Function test_extract_best_rmse_raises_on_null_rmse>
      <Module test_certus_strat_service.py>
        <Function test_validate_payload_returns_normalized_copy>
        <Function test_validate_payload_rejects_invalid_shape[payload0-payload must be a mapping]>
        <Function test_validate_payload_rejects_invalid_shape[payload1-payload.step must be an integer]>
        <Function test_validate_payload_rejects_invalid_shape[payload2-unsupported step]>
        <Function test_validate_payload_rejects_invalid_shape[payload3-payload.params must be a dict]>
        <Function test_validate_payload_rejects_invalid_shape[payload4-payload.opti_results must be a dict or None]>
        <Function test_validate_payload_shape_returns_structured_parts>
        <Function test_wavelength_to_index_is_stable_at_declared_precision>
        <Function test_generate_noise_array_deterministic_mode_returns_zeroes>
        <Function test_generate_noise_array_with_seeded_rng_is_reproducible>
      <Module test_certus_strat_stability.py>
        <Function test_reference_stability_json_reports_same_best_strategy>
        <Function test_stability_robustness_with_malformed_input>
      <Module test_certus_strat_workers_dto.py>
        <Function test_worker_thread_request_from_legacy_copies_payload>
        <Function test_worker_thread_request_from_legacy_handles_non_dict_params>
        <Function test_worker_thread_result_step0_to_legacy_dict>
        <Function test_worker_thread_result_step2_to_legacy_dict>
        <Function test_worker_thread_result_step23_to_legacy_dict>
        <Function test_worker_thread_result_step3_to_legacy_dict>
        <Function test_worker_thread_result_step33_to_legacy_dict>
        <Class TestLiveFeedMonitor>
          <Function test_poll_emits_latest_package>
          <Function test_stop_emits_finished>
      <Module test_certus_substrate_index.py>
        <Class TestBareSubstrateSpectrumColumn>
          <Function test_accepts_markers_and_acronyms>
          <Function test_canonicalize_sapphire_aliases>
          <Function test_rejects_bare_tnu_and_stack>
        <Class TestClassifySubstrateIndexColumns>
          <Function test_standard_grouping>
          <Function test_rnu_two_face_spelling_variants>
          <Function test_sapphire_generic_r_t_columns_are_grouped_as_two_face>
        <Class TestFilterDataframeBareSubstrateColumns>
          <Function test_keeps_wavelength_and_bare_columns_only>
          <Function test_prefers_named_wavelength_column_when_first_is_unnamed>
        <Class TestAutoFitRange>
          <Function test_suggest_trimmed_fit_range_trims_bad_high_edge>
        <Class TestGeomFitMask>
          <Function test_geom_fit_mask_orders_bounds>
        <Class TestModelsOrderByRmse>
          <Function test_substrate_index_models_ordered_by_rmse>
          <Function test_non_finite_rmse_sorts_last>
          <Function test_model_selection_score_penalizes_monotonicity_violation>
          <Function test_model_selection_score_does_not_penalize_sellmeier_monotonicity>
        <Class TestMonotonicConstraint>
          <Function test_polynomial_fit_enforces_non_increasing_in_fit_range>
        <Class TestFitMeta>
          <Function test_fit_sellmeier_return_meta_polynomial>
          <Function test_fit_sellmeier_return_meta_skipped_on_insufficient_points>
          <Function test_fit_sellmeier_spline_adaptive_bspline_lsq>
          <Function test_sellmeier_standard_3term_eval_matches_reference>
          <Function test_clipboard_line_formats_bspline_lsq_packed_vector>
        <Class TestComputeNResults>
          <Function test_compute_n_results_collects_three_models_and_meta>
          <Function test_compute_n_results_fallback_raw_rmse_not_used_for_best>
          <Function test_compute_n_results_respects_cancel>
        <Class TestSapphirenuexampleSellmeier>
          <Function test_columns_classified_as_two_face>
          <Function test_sellmeier_fit_accepted_on_fit_window[T 7157 sapphire_nu_2f]>
          <Function test_sellmeier_fit_accepted_on_fit_window[R 7157 sapphire_nu_2f]>
          <Function test_polynomial_beats_sellmeier_rmse_on_same_mask[T 7157 sapphire_nu_2f]>
          <Function test_polynomial_beats_sellmeier_rmse_on_same_mask[R 7157 sapphire_nu_2f]>
      <Module test_certus_ui.py>
        <Class TestDataFileFiltersAndHelper>
          <Function test_data_file_filter_constants_exist>
          <Function test_open_data_file_and_read_returns_none_when_cancelled>
          <Function test_open_data_file_and_read_returns_path_and_df_when_file_selected>
          <Function test_set_get_last_dir_roundtrip>
        <Class TestCertusFileDialogHelpers>
          <Function test_open_cancel_returns_empty>
          <Function test_open_ok_sets_last_dir>
[...]
    return _bootstrap._gcd_import(name[level:], package, level)
           ^^^^^^^^^^^^^^^^^^^^^^^^^^^^^^^^^^^^^^^^^^^^^^^^^^^^
<frozen importlib._bootstrap>:1406: in _gcd_import
    ???
<frozen importlib._bootstrap>:1371: in _find_and_load
    ???
<frozen importlib._bootstrap>:1342: in _find_and_load_unlocked
    ???
<frozen importlib._bootstrap>:938: in _load_unlocked
    ???
C:\Users\Lemarchand\AppData\Local\Programs\Python\Python314\Lib\site-packages\_pytest\assertion\rewrite.py:197: in exec_module
    exec(co, module.__dict__)
tests\core\test_certus_index_core.py:4: in <module>
    from certus.core.certus_index_core import (
E     File "D:\1406\1406\certus\core\certus_index_core.py", line 407
E       def(
E          ^
E   SyntaxError: invalid syntax
_________________ ERROR collecting tests/headless/test_re.py __________________
ImportError while importing test module 'D:\1406\1406\tests\headless\test_re.py'.
Hint: make sure your test modules/packages have valid Python names.
Traceback:
C:\Users\Lemarchand\AppData\Local\Programs\Python\Python314\Lib\importlib\__init__.py:88: in import_module
    return _bootstrap._gcd_import(name[level:], package, level)
           ^^^^^^^^^^^^^^^^^^^^^^^^^^^^^^^^^^^^^^^^^^^^^^^^^^^^
tests\headless\test_re.py:11: in <module>
    from CERTUS_RE import CertusREApp
CERTUS_RE.py:283: in <module>
    from certus.ui.certus_re_layout_mixin import CertusRELayoutMixin
certus\ui\certus_re_layout_mixin.py:64: in <module>
    from certus.utils.certus_re_helpers import (
E   ImportError: cannot import name 'RE_GUI_DEFAULT_RE_QWOT_ALPHA' from 'certus.utils.certus_re_helpers' (D:\1406\1406\certus\utils\certus_re_helpers.py)
___ ERROR collecting tests/performance/test_spline_optimizer_comparison.py ____
C:\Users\Lemarchand\AppData\Local\Programs\Python\Python314\Lib\site-packages\_pytest\python.py:507: in importtestmodule
    mod = import_path(
C:\Users\Lemarchand\AppData\Local\Programs\Python\Python314\Lib\site-packages\_pytest\pathlib.py:587: in import_path
    importlib.import_module(module_name)
C:\Users\Lemarchand\AppData\Local\Programs\Python\Python314\Lib\importlib\__init__.py:88: in import_module
    return _bootstrap._gcd_import(name[level:], package, level)
           ^^^^^^^^^^^^^^^^^^^^^^^^^^^^^^^^^^^^^^^^^^^^^^^^^^^^
<frozen importlib._bootstrap>:1406: in _gcd_import
    ???
<frozen importlib._bootstrap>:1371: in _find_and_load
    ???
<frozen importlib._bootstrap>:1342: in _find_and_load_unlocked
    ???
<frozen importlib._bootstrap>:938: in _load_unlocked
    ???
C:\Users\Lemarchand\AppData\Local\Programs\Python\Python314\Lib\site-packages\_pytest\assertion\rewrite.py:197: in exec_module
    exec(co, module.__dict__)
tests\performance\test_spline_optimizer_comparison.py:50: in <module>
    from CERTUS_INDEX import PGlobalOptimizerINDEX
CERTUS_INDEX.py:49: in <module>
    from certus.core.certus_index_core import (
E     File "D:\1406\1406\certus\core\certus_index_core.py", line 407
E       def(
E          ^
E   SyntaxError: invalid syntax
_________ ERROR collecting tests/unit/test_certus_index_callbacks.py __________
C:\Users\Lemarchand\AppData\Local\Programs\Python\Python314\Lib\site-packages\_pytest\python.py:507: in importtestmodule
    mod = import_path(
C:\Users\Lemarchand\AppData\Local\Programs\Python\Python314\Lib\site-packages\_pytest\pathlib.py:587: in import_path
    importlib.import_module(module_name)
C:\Users\Lemarchand\AppData\Local\Programs\Python\Python314\Lib\importlib\__init__.py:88: in import_module
    return _bootstrap._gcd_import(name[level:], package, level)
           ^^^^^^^^^^^^^^^^^^^^^^^^^^^^^^^^^^^^^^^^^^^^^^^^^^^^
<frozen importlib._bootstrap>:1406: in _gcd_import
    ???
<frozen importlib._bootstrap>:1371: in _find_and_load
    ???
<frozen importlib._bootstrap>:1342: in _find_and_load_unlocked
    ???
<frozen importlib._bootstrap>:938: in _load_unlocked
    ???
C:\Users\Lemarchand\AppData\Local\Programs\Python\Python314\Lib\site-packages\_pytest\assertion\rewrite.py:197: in exec_module
    exec(co, module.__dict__)
tests\unit\test_certus_index_callbacks.py:10: in <module>
    from CERTUS_INDEX import (
CERTUS_INDEX.py:49: in <module>
    from certus.core.certus_index_core import (
E     File "D:\1406\1406\certus\core\certus_index_core.py", line 407
E       def(
E          ^
E   SyntaxError: invalid syntax
_______ ERROR collecting tests/unit/test_certus_index_regr_contracts.py _______
C:\Users\Lemarchand\AppData\Local\Programs\Python\Python314\Lib\site-packages\_pytest\python.py:507: in importtestmodule
    mod = import_path(
C:\Users\Lemarchand\AppData\Local\Programs\Python\Python314\Lib\site-packages\_pytest\pathlib.py:587: in import_path
    importlib.import_module(module_name)
C:\Users\Lemarchand\AppData\Local\Programs\Python\Python314\Lib\importlib\__init__.py:88: in import_module
    return _bootstrap._gcd_import(name[level:], package, level)
           ^^^^^^^^^^^^^^^^^^^^^^^^^^^^^^^^^^^^^^^^^^^^^^^^^^^^
<frozen importlib._bootstrap>:1406: in _gcd_import
    ???
<frozen importlib._bootstrap>:1371: in _find_and_load
    ???
<frozen importlib._bootstrap>:1342: in _find_and_load_unlocked
    ???
<frozen importlib._bootstrap>:938: in _load_unlocked
    ???
C:\Users\Lemarchand\AppData\Local\Programs\Python\Python314\Lib\site-packages\_pytest\assertion\rewrite.py:197: in exec_module
    exec(co, module.__dict__)
tests\unit\test_certus_index_regr_contracts.py:1: in <module>
    from CERTUS_INDEX import CertusIndexApp
CERTUS_INDEX.py:49: in <module>
    from certus.core.certus_index_core import (
E     File "D:\1406\1406\certus\core\certus_index_core.py", line 407
E       def(
E          ^
E   SyntaxError: invalid syntax
___________ ERROR collecting tests/unit/test_certus_index_smoke.py ____________
C:\Users\Lemarchand\AppData\Local\Programs\Python\Python314\Lib\site-packages\_pytest\python.py:507: in importtestmodule
    mod = import_path(
C:\Users\Lemarchand\AppData\Local\Programs\Python\Python314\Lib\site-packages\_pytest\pathlib.py:587: in import_path
    importlib.import_module(module_name)
C:\Users\Lemarchand\AppData\Local\Programs\Python\Python314\Lib\importlib\__init__.py:88: in import_module
    return _bootstrap._gcd_import(name[level:], package, level)
           ^^^^^^^^^^^^^^^^^^^^^^^^^^^^^^^^^^^^^^^^^^^^^^^^^^^^
<frozen importlib._bootstrap>:1406: in _gcd_import
    ???
<frozen importlib._bootstrap>:1371: in _find_and_load
    ???
<frozen importlib._bootstrap>:1342: in _find_and_load_unlocked
    ???
<frozen importlib._bootstrap>:938: in _load_unlocked
    ???
C:\Users\Lemarchand\AppData\Local\Programs\Python\Python314\Lib\site-packages\_pytest\assertion\rewrite.py:197: in exec_module
    exec(co, module.__dict__)
tests\unit\test_certus_index_smoke.py:5: in <module>
    import CERTUS_INDEX
CERTUS_INDEX.py:49: in <module>
    from certus.core.certus_index_core import (
E     File "D:\1406\1406\certus\core\certus_index_core.py", line 407
E       def(
E          ^
E   SyntaxError: invalid syntax
_____________ ERROR collecting tests/unit/test_certus_modules.py ______________
C:\Users\Lemarchand\AppData\Local\Programs\Python\Python314\Lib\site-packages\_pytest\python.py:507: in importtestmodule
    mod = import_path(
C:\Users\Lemarchand\AppData\Local\Programs\Python\Python314\Lib\site-packages\_pytest\pathlib.py:587: in import_path
    importlib.import_module(module_name)
C:\Users\Lemarchand\AppData\Local\Programs\Python\Python314\Lib\importlib\__init__.py:88: in import_module
    return _bootstrap._gcd_import(name[level:], package, level)
           ^^^^^^^^^^^^^^^^^^^^^^^^^^^^^^^^^^^^^^^^^^^^^^^^^^^^
<frozen importlib._bootstrap>:1406: in _gcd_import
    ???
<frozen importlib._bootstrap>:1371: in _find_and_load
    ???
<frozen importlib._bootstrap>:1342: in _find_and_load_unlocked
    ???
<frozen importlib._bootstrap>:938: in _load_unlocked
    ???
C:\Users\Lemarchand\AppData\Local\Programs\Python\Python314\Lib\site-packages\_pytest\assertion\rewrite.py:197: in exec_module
    exec(co, module.__dict__)
tests\unit\test_certus_modules.py:21: in <module>
    MODULES[module_name] = __import__(module_name)
                           ^^^^^^^^^^^^^^^^^^^^^^^
CERTUS_INDEX.py:49: in <module>
    from certus.core.certus_index_core import (
E     File "D:\1406\1406\certus\core\certus_index_core.py", line 407
E       def(
E          ^
E   SyntaxError: invalid syntax
____________ ERROR collecting tests/unit/test_lbfgsb_regression.py ____________
C:\Users\Lemarchand\AppData\Local\Programs\Python\Python314\Lib\site-packages\_pytest\python.py:507: in importtestmodule
    mod = import_path(
C:\Users\Lemarchand\AppData\Local\Programs\Python\Python314\Lib\site-packages\_pytest\pathlib.py:587: in import_path
    importlib.import_module(module_name)
C:\Users\Lemarchand\AppData\Local\Programs\Python\Python314\Lib\importlib\__init__.py:88: in import_module
    return _bootstrap._gcd_import(name[level:], package, level)
           ^^^^^^^^^^^^^^^^^^^^^^^^^^^^^^^^^^^^^^^^^^^^^^^^^^^^
<frozen importlib._bootstrap>:1406: in _gcd_import
    ???
<frozen importlib._bootstrap>:1371: in _find_and_load
    ???
<frozen importlib._bootstrap>:1342: in _find_and_load_unlocked
    ???
<frozen importlib._bootstrap>:938: in _load_unlocked
    ???
C:\Users\Lemarchand\AppData\Local\Programs\Python\Python314\Lib\site-packages\_pytest\assertion\rewrite.py:197: in exec_module
    exec(co, module.__dict__)
tests\unit\test_lbfgsb_regression.py:27: in <module>
    from CERTUS_INDEX import OptimizationConfig
CERTUS_INDEX.py:49: in <module>
    from certus.core.certus_index_core import (
E     File "D:\1406\1406\certus\core\certus_index_core.py", line 407
E       def(
E          ^
E   SyntaxError: invalid syntax
____________ ERROR collecting tests/unit/test_penalized_spline.py _____________
C:\Users\Lemarchand\AppData\Local\Programs\Python\Python314\Lib\site-packages\_pytest\python.py:507: in importtestmodule
    mod = import_path(
C:\Users\Lemarchand\AppData\Local\Programs\Python\Python314\Lib\site-packages\_pytest\pathlib.py:587: in import_path
    importlib.import_module(module_name)
C:\Users\Lemarchand\AppData\Local\Programs\Python\Python314\Lib\importlib\__init__.py:88: in import_module
    return _bootstrap._gcd_import(name[level:], package, level)
           ^^^^^^^^^^^^^^^^^^^^^^^^^^^^^^^^^^^^^^^^^^^^^^^^^^^^
<frozen importlib._bootstrap>:1406: in _gcd_import
    ???
<frozen importlib._bootstrap>:1371: in _find_and_load
    ???
<frozen importlib._bootstrap>:1342: in _find_and_load_unlocked
    ???
<frozen importlib._bootstrap>:938: in _load_unlocked
    ???
C:\Users\Lemarchand\AppData\Local\Programs\Python\Python314\Lib\site-packages\_pytest\assertion\rewrite.py:197: in exec_module
    exec(co, module.__dict__)
tests\unit\test_penalized_spline.py:16: in <module>
    from CERTUS_INDEX import OptimizationConfig, DataType, OptimizationWorker
CERTUS_INDEX.py:49: in <module>
    from certus.core.certus_index_core import (
E     File "D:\1406\1406\certus\core\certus_index_core.py", line 407
E       def(
E          ^
E   SyntaxError: invalid syntax
___________ ERROR collecting tests/unit/test_per_lambda_features.py ___________
C:\Users\Lemarchand\AppData\Local\Programs\Python\Python314\Lib\site-packages\_pytest\python.py:507: in importtestmodule
    mod = import_path(
C:\Users\Lemarchand\AppData\Local\Programs\Python\Python314\Lib\site-packages\_pytest\pathlib.py:587: in import_path
    importlib.import_module(module_name)
C:\Users\Lemarchand\AppData\Local\Programs\Python\Python314\Lib\importlib\__init__.py:88: in import_module
    return _bootstrap._gcd_import(name[level:], package, level)
           ^^^^^^^^^^^^^^^^^^^^^^^^^^^^^^^^^^^^^^^^^^^^^^^^^^^^
<frozen importlib._bootstrap>:1406: in _gcd_import
    ???
<frozen importlib._bootstrap>:1371: in _find_and_load
    ???
<frozen importlib._bootstrap>:1342: in _find_and_load_unlocked
    ???
<frozen importlib._bootstrap>:938: in _load_unlocked
    ???
C:\Users\Lemarchand\AppData\Local\Programs\Python\Python314\Lib\site-packages\_pytest\assertion\rewrite.py:197: in exec_module
    exec(co, module.__dict__)
tests\unit\test_per_lambda_features.py:34: in <module>
    from CERTUS_INDEX import (
CERTUS_INDEX.py:49: in <module>
    from certus.core.certus_index_core import (
E     File "D:\1406\1406\certus\core\certus_index_core.py", line 407
E       def(
E          ^
E   SyntaxError: invalid syntax
_____________ ERROR collecting tests/unit/test_phase2_gradient.py _____________
C:\Users\Lemarchand\AppData\Local\Programs\Python\Python314\Lib\site-packages\_pytest\python.py:507: in importtestmodule
    mod = import_path(
C:\Users\Lemarchand\AppData\Local\Programs\Python\Python314\Lib\site-packages\_pytest\pathlib.py:587: in import_path
    importlib.import_module(module_name)
C:\Users\Lemarchand\AppData\Local\Programs\Python\Python314\Lib\importlib\__init__.py:88: in import_module
    return _bootstrap._gcd_import(name[level:], package, level)
           ^^^^^^^^^^^^^^^^^^^^^^^^^^^^^^^^^^^^^^^^^^^^^^^^^^^^
<frozen importlib._bootstrap>:1406: in _gcd_import
    ???
<frozen importlib._bootstrap>:1371: in _find_and_load
    ???
<frozen importlib._bootstrap>:1342: in _find_and_load_unlocked
    ???
<frozen importlib._bootstrap>:938: in _load_unlocked
    ???
C:\Users\Lemarchand\AppData\Local\Programs\Python\Python314\Lib\site-packages\_pytest\assertion\rewrite.py:197: in exec_module
    exec(co, module.__dict__)
tests\unit\test_phase2_gradient.py:4: in <module>
    from CERTUS_INDEX import IRGlobalObjective, DataType, substrateMode
CERTUS_INDEX.py:49: in <module>
    from certus.core.certus_index_core import (
E     File "D:\1406\1406\certus\core\certus_index_core.py", line 407
E       def(
E          ^
E   SyntaxError: invalid syntax
________________ ERROR collecting tests/unit/test_re_worker.py ________________
ImportError while importing test module 'D:\1406\1406\tests\unit\test_re_worker.py'.
Hint: make sure your test modules/packages have valid Python names.
Traceback:
C:\Users\Lemarchand\AppData\Local\Programs\Python\Python314\Lib\importlib\__init__.py:88: in import_module
    return _bootstrap._gcd_import(name[level:], package, level)
           ^^^^^^^^^^^^^^^^^^^^^^^^^^^^^^^^^^^^^^^^^^^^^^^^^^^^
tests\unit\test_re_worker.py:10: in <module>
    from CERTUS_RE import CertusREApp
CERTUS_RE.py:283: in <module>
    from certus.ui.certus_re_layout_mixin import CertusRELayoutMixin
certus\ui\certus_re_layout_mixin.py:64: in <module>
    from certus.utils.certus_re_helpers import (
E   ImportError: cannot import name 'RE_GUI_DEFAULT_RE_QWOT_ALPHA' from 'certus.utils.certus_re_helpers' (D:\1406\1406\certus\utils\certus_re_helpers.py)
_____ ERROR collecting tests/unit/workers/test_index_workers_ir_strat.py ______
C:\Users\Lemarchand\AppData\Local\Programs\Python\Python314\Lib\site-packages\_pytest\python.py:507: in importtestmodule
    mod = import_path(
C:\Users\Lemarchand\AppData\Local\Programs\Python\Python314\Lib\site-packages\_pytest\pathlib.py:587: in import_path
    importlib.import_module(module_name)
C:\Users\Lemarchand\AppData\Local\Programs\Python\Python314\Lib\importlib\__init__.py:88: in import_module
    return _bootstrap._gcd_import(name[level:], package, level)
           ^^^^^^^^^^^^^^^^^^^^^^^^^^^^^^^^^^^^^^^^^^^^^^^^^^^^
<frozen importlib._bootstrap>:1406: in _gcd_import
    ???
<frozen importlib._bootstrap>:1371: in _find_and_load
    ???
<frozen importlib._bootstrap>:1342: in _find_and_load_unlocked
    ???
<frozen importlib._bootstrap>:938: in _load_unlocked
    ???
C:\Users\Lemarchand\AppData\Local\Programs\Python\Python314\Lib\site-packages\_pytest\assertion\rewrite.py:197: in exec_module
    exec(co, module.__dict__)
tests\unit\workers\test_index_workers_ir_strat.py:5: in <module>
    from certus.workers.certus_index_workers_ir_strat import IRGlobalModelStrategy
certus\workers\certus_index_workers_ir_strat.py:12: in <module>
    from certus.core.certus_index_core import TLU_SOFT_EDGE_MARGIN, TLU_PRIOR_TRANSPARENT_N_MIN_SOFT
E     File "D:\1406\1406\certus\core\certus_index_core.py", line 407
E       def(
E          ^
E   SyntaxError: invalid syntax
_____ ERROR collecting tests/unit/workers/test_index_workers_opt_strat.py _____
C:\Users\Lemarchand\AppData\Local\Programs\Python\Python314\Lib\site-packages\_pytest\python.py:507: in importtestmodule
    mod = import_path(
C:\Users\Lemarchand\AppData\Local\Programs\Python\Python314\Lib\site-packages\_pytest\pathlib.py:587: in import_path
    importlib.import_module(module_name)
C:\Users\Lemarchand\AppData\Local\Programs\Python\Python314\Lib\importlib\__init__.py:88: in import_module
    return _bootstrap._gcd_import(name[level:], package, level)
           ^^^^^^^^^^^^^^^^^^^^^^^^^^^^^^^^^^^^^^^^^^^^^^^^^^^^
<frozen importlib._bootstrap>:1406: in _gcd_import
    ???
<frozen importlib._bootstrap>:1371: in _find_and_load
    ???
<frozen importlib._bootstrap>:1342: in _find_and_load_unlocked
    ???
<frozen importlib._bootstrap>:938: in _load_unlocked
    ???
C:\Users\Lemarchand\AppData\Local\Programs\Python\Python314\Lib\site-packages\_pytest\assertion\rewrite.py:197: in exec_module
    exec(co, module.__dict__)
tests\unit\workers\test_index_workers_opt_strat.py:4: in <module>
    from certus.workers.certus_index_workers_opt_strat import IndexOptimizationStrategy
certus\workers\certus_index_workers_opt_strat.py:12: in <module>
    from certus.core.certus_index_core import TLU_SOFT_EDGE_MARGIN, TLU_PRIOR_TRANSPARENT_N_MIN_SOFT
E     File "D:\1406\1406\certus\core\certus_index_core.py", line 407
E       def(
E          ^
E   SyntaxError: invalid syntax
________ ERROR collecting tests/unit/workers/test_re_workers_strat.py _________
C:\Users\Lemarchand\AppData\Local\Programs\Python\Python314\Lib\site-packages\_pytest\python.py:507: in importtestmodule
    mod = import_path(
C:\Users\Lemarchand\AppData\Local\Programs\Python\Python314\Lib\site-packages\_pytest\pathlib.py:587: in import_path
    importlib.import_module(module_name)
C:\Users\Lemarchand\AppData\Local\Programs\Python\Python314\Lib\importlib\__init__.py:88: in import_module
    return _bootstrap._gcd_import(name[level:], package, level)
           ^^^^^^^^^^^^^^^^^^^^^^^^^^^^^^^^^^^^^^^^^^^^^^^^^^^^
<frozen importlib._bootstrap>:1406: in _gcd_import
    ???
<frozen importlib._bootstrap>:1371: in _find_and_load
    ???
<frozen importlib._bootstrap>:1342: in _find_and_load_unlocked
    ???
<frozen importlib._bootstrap>:938: in _load_unlocked
    ???
C:\Users\Lemarchand\AppData\Local\Programs\Python\Python314\Lib\site-packages\_pytest\assertion\rewrite.py:197: in exec_module
    exec(co, module.__dict__)
tests\unit\workers\test_re_workers_strat.py:7: in <module>
    from certus.workers.certus_re_workers_phase4 import REPhase4Strategy
E     File "D:\1406\1406\certus\workers\certus_re_workers_phase4.py", line 7
E       from certus.utils.certus_re_config importfrom certus.utils.certus_re_config import RE_P4_BEAM_N_KNOTS
E                                          ^^^^^^^^^^
E   SyntaxError: invalid syntax
=========================== short test summary info ===========================
ERROR tests/core/test_certus_index_core.py
ERROR tests/headless/test_re.py
ERROR tests/performance/test_spline_optimizer_comparison.py
ERROR tests/unit/test_certus_index_callbacks.py
ERROR tests/unit/test_certus_index_regr_contracts.py
ERROR tests/unit/test_certus_index_smoke.py
ERROR tests/unit/test_certus_modules.py
ERROR tests/unit/test_lbfgsb_regression.py
ERROR tests/unit/test_penalized_spline.py
ERROR tests/unit/test_per_lambda_features.py
ERROR tests/unit/test_phase2_gradient.py
ERROR tests/unit/test_re_worker.py
ERROR tests/unit/workers/test_index_workers_ir_strat.py
ERROR tests/unit/workers/test_index_workers_opt_strat.py
ERROR tests/unit/workers/test_re_workers_strat.py
!!!!!!!!!!!!!!!!!! Interrupted: 15 errors during collection !!!!!!!!!!!!!!!!!!!
================== 1916 tests collected, 15 errors in 7.41s ===================
